# JRE version: OpenJDK Runtime Environment (11.0.10) (build 11.0.10+0-b96-7249189)
# Java VM: OpenJDK 64-Bit Server VM (11.0.10+0-b96-7249189, mixed mode, tiered, compressed oops, g1 gc, windows-amd64)
Heap:
 garbage-first heap   total 524288K, used 168355K [0x0000000080000000, 0x0000000100000000)
  region size 1024K, 142 young (145408K), 39 survivors (39936K)
 Metaspace       used 85373K, capacity 87678K, committed 87884K, reserved 1126400K
  class space    used 10922K, capacity 11763K, committed 11852K, reserved 1048576K
GC Heap History (14 events):
Event: 0.477 GC heap before
{Heap before GC invocations=0 (full 0):
 garbage-first heap   total 524288K, used 31744K [0x0000000080000000, 0x0000000100000000)
  region size 1024K, 25 young (25600K), 0 survivors (0K)
 Metaspace       used 10173K, capacity 10363K, committed 10624K, reserved 1058816K
  class space    used 1064K, capacity 1141K, committed 1152K, reserved 1048576K
}
Event: 0.488 GC heap after
{Heap after GC invocations=1 (full 0):
 garbage-first heap   total 524288K, used 9579K [0x0000000080000000, 0x0000000100000000)
  region size 1024K, 4 young (4096K), 4 survivors (4096K)
 Metaspace       used 10173K, capacity 10363K, committed 10624K, reserved 1058816K
  class space    used 1064K, capacity 1141K, committed 1152K, reserved 1048576K
}
Event: 1.981 GC heap before
{Heap before GC invocations=1 (full 0):
 garbage-first heap   total 524288K, used 104811K [0x0000000080000000, 0x0000000100000000)
  region size 1024K, 98 young (100352K), 4 survivors (4096K)
 Metaspace       used 20586K, capacity 21128K, committed 21248K, reserved 1067008K
  class space    used 2518K, capacity 2722K, committed 2816K, reserved 1048576K
}
Event: 1.992 GC heap after
{Heap after GC invocations=2 (full 0):
 garbage-first heap   total 524288K, used 16692K [0x0000000080000000, 0x0000000100000000)
  region size 1024K, 11 young (11264K), 11 survivors (11264K)
 Metaspace       used 20586K, capacity 21128K, committed 21248K, reserved 1067008K
  class space    used 2518K, capacity 2722K, committed 2816K, reserved 1048576K
}
Event: 2.349 GC heap before
{Heap before GC invocations=3 (full 0):
 garbage-first heap   total 524288K, used 54580K [0x0000000080000000, 0x0000000100000000)
  region size 1024K, 48 young (49152K), 11 survivors (11264K)
 Metaspace       used 24192K, capacity 24830K, committed 25088K, reserved 1071104K
  class space    used 3114K, capacity 3321K, committed 3328K, reserved 1048576K
}
Event: 2.354 GC heap after
{Heap after GC invocations=4 (full 0):
 garbage-first heap   total 524288K, used 17844K [0x0000000080000000, 0x0000000100000000)
  region size 1024K, 2 young (2048K), 2 survivors (2048K)
 Metaspace       used 24192K, capacity 24830K, committed 25088K, reserved 1071104K
  class space    used 3114K, capacity 3321K, committed 3328K, reserved 1048576K
}
Event: 3.563 GC heap before
{Heap before GC invocations=4 (full 0):
 garbage-first heap   total 524288K, used 91572K [0x0000000080000000, 0x0000000100000000)
  region size 1024K, 75 young (76800K), 2 survivors (2048K)
 Metaspace       used 35064K, capacity 35830K, committed 35840K, reserved 1081344K
  class space    used 4548K, capacity 4864K, committed 4864K, reserved 1048576K
}
Event: 3.570 GC heap after
{Heap after GC invocations=5 (full 0):
 garbage-first heap   total 524288K, used 21472K [0x0000000080000000, 0x0000000100000000)
  region size 1024K, 6 young (6144K), 6 survivors (6144K)
 Metaspace       used 35064K, capacity 35830K, committed 35840K, reserved 1081344K
  class space    used 4548K, capacity 4864K, committed 4864K, reserved 1048576K
}
Event: 4.561 GC heap before
{Heap before GC invocations=6 (full 0):
 garbage-first heap   total 524288K, used 123872K [0x0000000080000000, 0x0000000100000000)
  region size 1024K, 103 young (105472K), 6 survivors (6144K)
 Metaspace       used 43144K, capacity 44247K, committed 44364K, reserved 1087488K
  class space    used 5514K, capacity 5888K, committed 5964K, reserved 1048576K
}
Event: 4.568 GC heap after
{Heap after GC invocations=7 (full 0):
 garbage-first heap   total 524288K, used 27792K [0x0000000080000000, 0x0000000100000000)
  region size 1024K, 12 young (12288K), 12 survivors (12288K)
 Metaspace       used 43144K, capacity 44247K, committed 44364K, reserved 1087488K
  class space    used 5514K, capacity 5888K, committed 5964K, reserved 1048576K
}
Event: 5.947 GC heap before
{Heap before GC invocations=7 (full 0):
 garbage-first heap   total 524288K, used 187536K [0x0000000080000000, 0x0000000100000000)
  region size 1024K, 165 young (168960K), 12 survivors (12288K)
 Metaspace       used 58657K, capacity 60155K, committed 60236K, reserved 1101824K
  class space    used 7424K, capacity 7974K, committed 8012K, reserved 1048576K
}
Event: 5.966 GC heap after
{Heap after GC invocations=8 (full 0):
 garbage-first heap   total 524288K, used 43033K [0x0000000080000000, 0x0000000100000000)
  region size 1024K, 23 young (23552K), 23 survivors (23552K)
 Metaspace       used 58657K, capacity 60155K, committed 60236K, reserved 1101824K
  class space    used 7424K, capacity 7974K, committed 8012K, reserved 1048576K
}
Event: 9.350 GC heap before
{Heap before GC invocations=9 (full 0):
 garbage-first heap   total 524288K, used 333849K [0x0000000080000000, 0x0000000100000000)
  region size 1024K, 307 young (314368K), 23 survivors (23552K)
 Metaspace       used 81891K, capacity 84044K, committed 84172K, reserved 1122304K
  class space    used 10620K, capacity 11442K, committed 11468K, reserved 1048576K
}
Event: 9.373 GC heap after
{Heap after GC invocations=10 (full 0):
 garbage-first heap   total 524288K, used 64931K [0x0000000080000000, 0x0000000100000000)
  region size 1024K, 39 young (39936K), 39 survivors (39936K)
 Metaspace       used 81891K, capacity 84044K, committed 84172K, reserved 1122304K
  class space    used 10620K, capacity 11442K, committed 11468K, reserved 1048576K
}

